2021-05-16 10:11:02.163  WARN 17728 --- [HikariPool-1 housekeeper] com.zaxxer.hikari.pool.HikariPool        : HikariPool-1 - Thread starvation or clock leap detected (housekeeper delta=7h20m3s16ms781µs67ns).
2021-05-16 12:27:18.401  INFO 23476 --- [main] com.nuvu.clientes.SpringBootRunner       : Starting SpringBootRunner on EMA-01510 with PID 23476 (C:\Mac_Desarrollo\workspaces\workspace_SW_seguro\NuvuClientes\target\classes started by soporte in C:\Mac_Desarrollo\workspaces\workspace_SW_seguro\NuvuClientes)
2021-05-16 12:27:18.415  INFO 23476 --- [main] com.nuvu.clientes.SpringBootRunner       : No active profile set, falling back to default profiles: default
2021-05-16 12:27:21.334  INFO 23476 --- [main] .s.d.r.c.RepositoryConfigurationDelegate : Bootstrapping Spring Data JPA repositories in DEFAULT mode.
2021-05-16 12:27:21.488  INFO 23476 --- [main] .s.d.r.c.RepositoryConfigurationDelegate : Finished Spring Data repository scanning in 136ms. Found 3 JPA repository interfaces.
2021-05-16 12:27:22.563  INFO 23476 --- [main] trationDelegate$BeanPostProcessorChecker : Bean 'org.springframework.security.config.annotation.configuration.ObjectPostProcessorConfiguration' of type [org.springframework.security.config.annotation.configuration.ObjectPostProcessorConfiguration] is not eligible for getting processed by all BeanPostProcessors (for example: not eligible for auto-proxying)
2021-05-16 12:27:22.568  INFO 23476 --- [main] trationDelegate$BeanPostProcessorChecker : Bean 'objectPostProcessor' of type [org.springframework.security.config.annotation.configuration.AutowireBeanFactoryObjectPostProcessor] is not eligible for getting processed by all BeanPostProcessors (for example: not eligible for auto-proxying)
2021-05-16 12:27:22.572  INFO 23476 --- [main] trationDelegate$BeanPostProcessorChecker : Bean 'org.springframework.security.access.expression.method.DefaultMethodSecurityExpressionHandler@603cabc4' of type [org.springframework.security.access.expression.method.DefaultMethodSecurityExpressionHandler] is not eligible for getting processed by all BeanPostProcessors (for example: not eligible for auto-proxying)
2021-05-16 12:27:22.578  INFO 23476 --- [main] trationDelegate$BeanPostProcessorChecker : Bean 'org.springframework.security.config.annotation.method.configuration.GlobalMethodSecurityConfiguration' of type [org.springframework.security.config.annotation.method.configuration.GlobalMethodSecurityConfiguration] is not eligible for getting processed by all BeanPostProcessors (for example: not eligible for auto-proxying)
2021-05-16 12:27:22.590  INFO 23476 --- [main] trationDelegate$BeanPostProcessorChecker : Bean 'org.springframework.security.config.annotation.method.configuration.Jsr250MetadataSourceConfiguration' of type [org.springframework.security.config.annotation.method.configuration.Jsr250MetadataSourceConfiguration] is not eligible for getting processed by all BeanPostProcessors (for example: not eligible for auto-proxying)
2021-05-16 12:27:22.591  INFO 23476 --- [main] trationDelegate$BeanPostProcessorChecker : Bean 'jsr250MethodSecurityMetadataSource' of type [org.springframework.security.access.annotation.Jsr250MethodSecurityMetadataSource] is not eligible for getting processed by all BeanPostProcessors (for example: not eligible for auto-proxying)
2021-05-16 12:27:22.593  INFO 23476 --- [main] trationDelegate$BeanPostProcessorChecker : Bean 'methodSecurityMetadataSource' of type [org.springframework.security.access.method.DelegatingMethodSecurityMetadataSource] is not eligible for getting processed by all BeanPostProcessors (for example: not eligible for auto-proxying)
2021-05-16 12:27:23.424  INFO 23476 --- [main] o.s.b.w.embedded.tomcat.TomcatWebServer  : Tomcat initialized with port(s): 9090 (http)
2021-05-16 12:27:23.445  INFO 23476 --- [main] o.apache.catalina.core.StandardService   : Starting service [Tomcat]
2021-05-16 12:27:23.445  INFO 23476 --- [main] org.apache.catalina.core.StandardEngine  : Starting Servlet engine: [Apache Tomcat/9.0.31]
2021-05-16 12:27:23.758  INFO 23476 --- [main] o.a.c.c.C.[Tomcat].[localhost].[/]       : Initializing Spring embedded WebApplicationContext
2021-05-16 12:27:23.758  INFO 23476 --- [main] o.s.web.context.ContextLoader            : Root WebApplicationContext: initialization completed in 5238 ms
2021-05-16 12:27:24.439  INFO 23476 --- [main] com.zaxxer.hikari.HikariDataSource       : HikariPool-1 - Starting...
2021-05-16 12:27:25.063  INFO 23476 --- [main] com.zaxxer.hikari.HikariDataSource       : HikariPool-1 - Start completed.
2021-05-16 12:27:25.188  INFO 23476 --- [main] o.hibernate.jpa.internal.util.LogHelper  : HHH000204: Processing PersistenceUnitInfo [name: default]
2021-05-16 12:27:25.400  INFO 23476 --- [main] org.hibernate.Version                    : HHH000412: Hibernate ORM core version 5.4.12.Final
2021-05-16 12:27:25.710  INFO 23476 --- [main] o.hibernate.annotations.common.Version   : HCANN000001: Hibernate Commons Annotations {5.1.0.Final}
2021-05-16 12:27:26.048  INFO 23476 --- [main] org.hibernate.dialect.Dialect            : HHH000400: Using dialect: org.hibernate.dialect.PostgreSQLDialect
2021-05-16 12:27:28.004  INFO 23476 --- [main] o.h.e.t.j.p.i.JtaPlatformInitiator       : HHH000490: Using JtaPlatform implementation: [org.hibernate.engine.transaction.jta.platform.internal.NoJtaPlatform]
2021-05-16 12:27:28.032  INFO 23476 --- [main] j.LocalContainerEntityManagerFactoryBean : Initialized JPA EntityManagerFactory for persistence unit 'default'
2021-05-16 12:27:28.149  WARN 23476 --- [main] JpaBaseConfiguration$JpaWebConfiguration : spring.jpa.open-in-view is enabled by default. Therefore, database queries may be performed during view rendering. Explicitly configure spring.jpa.open-in-view to disable this warning
2021-05-16 12:27:30.035  INFO 23476 --- [main] o.s.b.a.e.web.EndpointLinksResolver      : Exposing 14 endpoint(s) beneath base path '/actuator'
2021-05-16 12:27:30.249  INFO 23476 --- [main] pertySourcedRequestMappingHandlerMapping : Mapped URL path [/v2/api-docs] onto method [springfox.documentation.swagger2.web.Swagger2Controller#getDocumentation(String, HttpServletRequest)]
2021-05-16 12:27:30.484  INFO 23476 --- [main] o.s.s.concurrent.ThreadPoolTaskExecutor  : Initializing ExecutorService 'applicationTaskExecutor'
2021-05-16 12:27:31.173  INFO 23476 --- [main] o.s.s.web.DefaultSecurityFilterChain     : Creating filter chain: any request, [org.springframework.security.web.context.request.async.WebAsyncManagerIntegrationFilter@69cc3370, org.springframework.security.web.context.SecurityContextPersistenceFilter@7fba30fe, org.springframework.security.web.header.HeaderWriterFilter@182469d0, org.springframework.security.web.authentication.logout.LogoutFilter@dffcf1, org.springframework.security.web.authentication.www.BasicAuthenticationFilter@eb66b47, org.springframework.security.web.savedrequest.RequestCacheAwareFilter@66ce4b4, org.springframework.security.web.servletapi.SecurityContextHolderAwareRequestFilter@6c3627c, org.springframework.security.web.authentication.AnonymousAuthenticationFilter@9120cb5, org.springframework.security.web.session.SessionManagementFilter@288e50c1, org.springframework.security.web.access.ExceptionTranslationFilter@72321701, org.springframework.security.web.access.intercept.FilterSecurityInterceptor@f047670]
2021-05-16 12:27:31.294  INFO 23476 --- [main] .s.s.UserDetailsServiceAutoConfiguration : 

Using generated security password: 43da7936-29e7-4b80-b19d-e373b8c20206

2021-05-16 12:27:31.305  INFO 23476 --- [main] d.s.w.p.DocumentationPluginsBootstrapper : Context refreshed
2021-05-16 12:27:31.364  INFO 23476 --- [main] d.s.w.p.DocumentationPluginsBootstrapper : Found 1 custom documentation plugin(s)
2021-05-16 12:27:31.459  INFO 23476 --- [main] s.d.s.w.s.ApiListingReferenceScanner     : Scanning for api listing references
2021-05-16 12:27:31.845  INFO 23476 --- [main] .d.s.w.r.o.CachingOperationNameGenerator : Generating unique operation named: handleUsingGET_1
2021-05-16 12:27:31.856  INFO 23476 --- [main] .d.s.w.r.o.CachingOperationNameGenerator : Generating unique operation named: handleUsingGET_2
2021-05-16 12:27:31.860  INFO 23476 --- [main] .d.s.w.r.o.CachingOperationNameGenerator : Generating unique operation named: handleUsingDELETE_1
2021-05-16 12:27:31.862  INFO 23476 --- [main] .d.s.w.r.o.CachingOperationNameGenerator : Generating unique operation named: handleUsingGET_3
2021-05-16 12:27:31.865  INFO 23476 --- [main] .d.s.w.r.o.CachingOperationNameGenerator : Generating unique operation named: handleUsingGET_4
2021-05-16 12:27:31.867  INFO 23476 --- [main] .d.s.w.r.o.CachingOperationNameGenerator : Generating unique operation named: handleUsingGET_5
2021-05-16 12:27:31.872  INFO 23476 --- [main] .d.s.w.r.o.CachingOperationNameGenerator : Generating unique operation named: handleUsingGET_6
2021-05-16 12:27:31.875  INFO 23476 --- [main] .d.s.w.r.o.CachingOperationNameGenerator : Generating unique operation named: handleUsingGET_7
2021-05-16 12:27:31.879  INFO 23476 --- [main] .d.s.w.r.o.CachingOperationNameGenerator : Generating unique operation named: handleUsingGET_8
2021-05-16 12:27:31.881  INFO 23476 --- [main] .d.s.w.r.o.CachingOperationNameGenerator : Generating unique operation named: handleUsingGET_9
2021-05-16 12:27:31.883  INFO 23476 --- [main] .d.s.w.r.o.CachingOperationNameGenerator : Generating unique operation named: handleUsingGET_10
2021-05-16 12:27:31.885  INFO 23476 --- [main] .d.s.w.r.o.CachingOperationNameGenerator : Generating unique operation named: handleUsingGET_11
2021-05-16 12:27:31.896  INFO 23476 --- [main] .d.s.w.r.o.CachingOperationNameGenerator : Generating unique operation named: handleUsingGET_12
2021-05-16 12:27:31.901  INFO 23476 --- [main] .d.s.w.r.o.CachingOperationNameGenerator : Generating unique operation named: handleUsingGET_13
2021-05-16 12:27:31.903  INFO 23476 --- [main] .d.s.w.r.o.CachingOperationNameGenerator : Generating unique operation named: handleUsingGET_14
2021-05-16 12:27:31.905  INFO 23476 --- [main] .d.s.w.r.o.CachingOperationNameGenerator : Generating unique operation named: handleUsingGET_15
2021-05-16 12:27:31.908  INFO 23476 --- [main] .d.s.w.r.o.CachingOperationNameGenerator : Generating unique operation named: handleUsingGET_16
2021-05-16 12:27:31.911  INFO 23476 --- [main] .d.s.w.r.o.CachingOperationNameGenerator : Generating unique operation named: handleUsingGET_17
2021-05-16 12:27:31.913  INFO 23476 --- [main] .d.s.w.r.o.CachingOperationNameGenerator : Generating unique operation named: handleUsingGET_18
2021-05-16 12:27:31.916  INFO 23476 --- [main] .d.s.w.r.o.CachingOperationNameGenerator : Generating unique operation named: countUsingGET_1
2021-05-16 12:27:31.920  INFO 23476 --- [main] .d.s.w.r.o.CachingOperationNameGenerator : Generating unique operation named: deleteUsingDELETE_1
2021-05-16 12:27:31.922  INFO 23476 --- [main] .d.s.w.r.o.CachingOperationNameGenerator : Generating unique operation named: findAllUsingGET_1
2021-05-16 12:27:31.925  INFO 23476 --- [main] .d.s.w.r.o.CachingOperationNameGenerator : Generating unique operation named: findByIdUsingGET_1
2021-05-16 12:27:31.929  INFO 23476 --- [main] .d.s.w.r.o.CachingOperationNameGenerator : Generating unique operation named: saveUsingPOST_1
2021-05-16 12:27:31.932  INFO 23476 --- [main] .d.s.w.r.o.CachingOperationNameGenerator : Generating unique operation named: updateUsingPUT_1
2021-05-16 12:27:31.935  INFO 23476 --- [main] .d.s.w.r.o.CachingOperationNameGenerator : Generating unique operation named: countUsingGET_2
2021-05-16 12:27:31.938  INFO 23476 --- [main] .d.s.w.r.o.CachingOperationNameGenerator : Generating unique operation named: deleteUsingDELETE_2
2021-05-16 12:27:31.939  INFO 23476 --- [main] .d.s.w.r.o.CachingOperationNameGenerator : Generating unique operation named: findAllUsingGET_2
2021-05-16 12:27:31.941  INFO 23476 --- [main] .d.s.w.r.o.CachingOperationNameGenerator : Generating unique operation named: findByIdUsingGET_2
2021-05-16 12:27:31.945  INFO 23476 --- [main] .d.s.w.r.o.CachingOperationNameGenerator : Generating unique operation named: saveUsingPOST_2
2021-05-16 12:27:31.951  INFO 23476 --- [main] .d.s.w.r.o.CachingOperationNameGenerator : Generating unique operation named: updateUsingPUT_2
2021-05-16 12:27:32.066  INFO 23476 --- [main] o.s.b.w.embedded.tomcat.TomcatWebServer  : Tomcat started on port(s): 9090 (http) with context path ''
2021-05-16 12:27:32.070  INFO 23476 --- [main] com.nuvu.clientes.SpringBootRunner       : Started SpringBootRunner in 14.775 seconds (JVM running for 15.734)
2021-05-16 12:43:46.663  INFO 23476 --- [http-nio-9090-exec-2] o.a.c.c.C.[Tomcat].[localhost].[/]       : Initializing Spring DispatcherServlet 'dispatcherServlet'
2021-05-16 12:43:46.669  INFO 23476 --- [http-nio-9090-exec-2] o.s.web.servlet.DispatcherServlet        : Initializing Servlet 'dispatcherServlet'
2021-05-16 12:43:46.762  INFO 23476 --- [http-nio-9090-exec-2] o.s.web.servlet.DispatcherServlet        : Completed initialization in 92 ms
